2018-04-05 16:24:22,617 [DEBUG] Starting new HTTPS connection (1): dnsapi.cn
2018-04-05 16:24:23,511 [DEBUG] https://dnsapi.cn:443 "POST /Domain.List HTTP/1.1" 200 None
2018-04-05 16:24:23,515 [INFO] {"status":{"code":"1","message":"\u64cd\u4f5c\u5df2\u7ecf\u6210\u529f\u5b8c\u6210","created_at":"2018-04-05 16:22:17"},"info":{"domain_total":1,"all_total":1,"mine_total":1,"share_total":"0","vip_total":0,"ismark_total":0,"pause_total":0,"error_total":1,"lock_total":0,"spam_total":0,"vip_expire":0,"share_out_total":0},"domains":[{"id":65391895,"status":"enable","grade":"DP_Free","group_id":"1","searchengine_push":"no","is_mark":"no","ttl":"600","cname_speedup":"disable","remark":"","created_on":"2018-04-05 14:05:40","updated_on":"2018-04-05 14:05:40","punycode":"itimor.com","ext_status":"dnserror","src_flag":"DNSPOD","name":"itimor.com","grade_title":"\u65b0\u514d\u8d39\u5957\u9910","is_vip":"no","owner":"kevinloo@126.com","records":"4"}]}
2018-04-05 16:25:41,357 [DEBUG] Starting new HTTPS connection (1): dnsapi.cn
2018-04-05 16:25:43,070 [DEBUG] https://dnsapi.cn:443 "POST /Domain.Create HTTP/1.1" 200 None
2018-04-05 16:25:43,072 [INFO] {"status":{"code":"110","message":"","created_at":"2018-04-05 16:23:36"}}
2018-04-05 16:26:59,608 [DEBUG] Starting new HTTPS connection (1): dnsapi.cn
2018-04-05 16:27:00,329 [DEBUG] https://dnsapi.cn:443 "POST /Domain.Create HTTP/1.1" 200 None
2018-04-05 16:27:00,331 [INFO] {"status":{"code":"1","message":"\u64cd\u4f5c\u5df2\u7ecf\u6210\u529f\u5b8c\u6210","created_at":"2018-04-05 16:24:54"},"domain":{"id":"65395694","punycode":"itimor.ph","domain":"itimor.ph"}}
2018-04-05 16:53:26,906 [DEBUG] Starting new HTTPS connection (1): dnsapi.cn
2018-04-05 16:53:27,918 [DEBUG] https://dnsapi.cn:443 "POST /Domain.Info HTTP/1.1" 200 None
2018-04-05 16:53:27,920 [INFO] {"status":{"code":"1","message":"\u64cd\u4f5c\u5df2\u7ecf\u6210\u529f\u5b8c\u6210","created_at":"2018-04-05 16:51:22"},"domain":{"id":"65391895","name":"itimor.com","punycode":"itimor.com","grade":"DP_Free","grade_title":"\u65b0\u514d\u8d39\u5957\u9910","status":"enable","ext_status":"dnserror","records":"4","group_id":"1","is_mark":"no","remark":"","is_vip":"no","searchengine_push":"no","user_id":"963723","created_on":"2018-04-05 14:05:40","updated_on":"2018-04-05 14:05:40","ttl":"600","cname_speedup":"disable","owner":"kevinloo@126.com"}}
2018-04-05 16:55:13,733 [DEBUG] Starting new HTTPS connection (1): dnsapi.cn
2018-04-05 16:55:14,403 [DEBUG] https://dnsapi.cn:443 "POST /Domain.List HTTP/1.1" 200 None
2018-04-05 16:55:14,405 [INFO] {"status":{"code":"1","message":"\u64cd\u4f5c\u5df2\u7ecf\u6210\u529f\u5b8c\u6210","created_at":"2018-04-05 16:53:08"},"info":{"domain_total":2,"all_total":2,"mine_total":2,"share_total":"0","vip_total":0,"ismark_total":0,"pause_total":0,"error_total":2,"lock_total":0,"spam_total":0,"vip_expire":0,"share_out_total":0},"domains":[{"id":65395694,"status":"enable","grade":"DP_Free","group_id":"1","searchengine_push":"no","is_mark":"no","ttl":"600","cname_speedup":"disable","remark":"","created_on":"2018-04-05 16:24:54","updated_on":"2018-04-05 16:24:54","punycode":"itimor.ph","ext_status":"dnserror","src_flag":"DNSPOD","name":"itimor.ph","grade_title":"\u65b0\u514d\u8d39\u5957\u9910","is_vip":"no","owner":"kevinloo@126.com","records":"1"},{"id":65391895,"status":"enable","grade":"DP_Free","group_id":"1","searchengine_push":"no","is_mark":"no","ttl":"600","cname_speedup":"disable","remark":"","created_on":"2018-04-05 14:05:40","updated_on":"2018-04-05 14:05:40","punycode":"itimor.com","ext_status":"dnserror","src_flag":"DNSPOD","name":"itimor.com","grade_title":"\u65b0\u514d\u8d39\u5957\u9910","is_vip":"no","owner":"kevinloo@126.com","records":"4"}]}
2018-04-05 16:55:33,169 [DEBUG] Starting new HTTPS connection (1): dnsapi.cn
2018-04-05 16:55:33,905 [DEBUG] https://dnsapi.cn:443 "POST /Domain.List HTTP/1.1" 200 None
2018-04-05 16:55:33,908 [INFO] {"status":{"code":"1","message":"\u64cd\u4f5c\u5df2\u7ecf\u6210\u529f\u5b8c\u6210","created_at":"2018-04-05 16:53:28"},"info":{"domain_total":2,"all_total":2,"mine_total":2,"share_total":"0","vip_total":0,"ismark_total":0,"pause_total":0,"error_total":2,"lock_total":0,"spam_total":0,"vip_expire":0,"share_out_total":0},"domains":[{"id":65395694,"status":"enable","grade":"DP_Free","group_id":"1","searchengine_push":"no","is_mark":"no","ttl":"600","cname_speedup":"disable","remark":"","created_on":"2018-04-05 16:24:54","updated_on":"2018-04-05 16:24:54","punycode":"itimor.ph","ext_status":"dnserror","src_flag":"DNSPOD","name":"itimor.ph","grade_title":"\u65b0\u514d\u8d39\u5957\u9910","is_vip":"no","owner":"kevinloo@126.com","records":"1"},{"id":65391895,"status":"enable","grade":"DP_Free","group_id":"1","searchengine_push":"no","is_mark":"no","ttl":"600","cname_speedup":"disable","remark":"","created_on":"2018-04-05 14:05:40","updated_on":"2018-04-05 14:05:40","punycode":"itimor.com","ext_status":"dnserror","src_flag":"DNSPOD","name":"itimor.com","grade_title":"\u65b0\u514d\u8d39\u5957\u9910","is_vip":"no","owner":"kevinloo@126.com","records":"4"}]}
2018-04-05 16:56:28,580 [DEBUG] Starting new HTTPS connection (1): dnsapi.cn
2018-04-05 16:56:32,433 [DEBUG] https://dnsapi.cn:443 "POST /Domain.List HTTP/1.1" 200 None
2018-04-05 16:56:32,436 [INFO] {"status":{"code":"1","message":"\u64cd\u4f5c\u5df2\u7ecf\u6210\u529f\u5b8c\u6210","created_at":"2018-04-05 16:54:26"},"info":{"domain_total":2,"all_total":2,"mine_total":2,"share_total":"0","vip_total":0,"ismark_total":0,"pause_total":0,"error_total":2,"lock_total":0,"spam_total":0,"vip_expire":0,"share_out_total":0},"domains":[{"id":65395694,"status":"enable","grade":"DP_Free","group_id":"1","searchengine_push":"no","is_mark":"no","ttl":"600","cname_speedup":"disable","remark":"","created_on":"2018-04-05 16:24:54","updated_on":"2018-04-05 16:24:54","punycode":"itimor.ph","ext_status":"dnserror","src_flag":"DNSPOD","name":"itimor.ph","grade_title":"\u65b0\u514d\u8d39\u5957\u9910","is_vip":"no","owner":"kevinloo@126.com","records":"1"},{"id":65391895,"status":"enable","grade":"DP_Free","group_id":"1","searchengine_push":"no","is_mark":"no","ttl":"600","cname_speedup":"disable","remark":"","created_on":"2018-04-05 14:05:40","updated_on":"2018-04-05 14:05:40","punycode":"itimor.com","ext_status":"dnserror","src_flag":"DNSPOD","name":"itimor.com","grade_title":"\u65b0\u514d\u8d39\u5957\u9910","is_vip":"no","owner":"kevinloo@126.com","records":"4"}]}
2018-04-05 16:56:49,208 [DEBUG] Starting new HTTPS connection (1): dnsapi.cn
2018-04-05 16:56:50,165 [DEBUG] https://dnsapi.cn:443 "POST /Domain.List HTTP/1.1" 200 None
2018-04-05 16:56:50,167 [INFO] {"status":{"code":"1","message":"\u64cd\u4f5c\u5df2\u7ecf\u6210\u529f\u5b8c\u6210","created_at":"2018-04-05 16:54:44"},"info":{"domain_total":2,"all_total":2,"mine_total":2,"share_total":"0","vip_total":0,"ismark_total":0,"pause_total":0,"error_total":2,"lock_total":0,"spam_total":0,"vip_expire":0,"share_out_total":0},"domains":[{"id":65395694,"status":"enable","grade":"DP_Free","group_id":"1","searchengine_push":"no","is_mark":"no","ttl":"600","cname_speedup":"disable","remark":"","created_on":"2018-04-05 16:24:54","updated_on":"2018-04-05 16:24:54","punycode":"itimor.ph","ext_status":"dnserror","src_flag":"DNSPOD","name":"itimor.ph","grade_title":"\u65b0\u514d\u8d39\u5957\u9910","is_vip":"no","owner":"kevinloo@126.com","records":"1"},{"id":65391895,"status":"enable","grade":"DP_Free","group_id":"1","searchengine_push":"no","is_mark":"no","ttl":"600","cname_speedup":"disable","remark":"","created_on":"2018-04-05 14:05:40","updated_on":"2018-04-05 14:05:40","punycode":"itimor.com","ext_status":"dnserror","src_flag":"DNSPOD","name":"itimor.com","grade_title":"\u65b0\u514d\u8d39\u5957\u9910","is_vip":"no","owner":"kevinloo@126.com","records":"4"}]}
2018-04-05 16:57:08,910 [DEBUG] Starting new HTTPS connection (1): dnsapi.cn
2018-04-05 16:57:09,568 [DEBUG] https://dnsapi.cn:443 "POST /Domain.List HTTP/1.1" 200 None
2018-04-05 16:57:09,570 [INFO] {"status":{"code":"1","message":"\u64cd\u4f5c\u5df2\u7ecf\u6210\u529f\u5b8c\u6210","created_at":"2018-04-05 16:55:03"},"info":{"domain_total":2,"all_total":2,"mine_total":2,"share_total":"0","vip_total":0,"ismark_total":0,"pause_total":0,"error_total":2,"lock_total":0,"spam_total":0,"vip_expire":0,"share_out_total":0},"domains":[{"id":65395694,"status":"enable","grade":"DP_Free","group_id":"1","searchengine_push":"no","is_mark":"no","ttl":"600","cname_speedup":"disable","remark":"","created_on":"2018-04-05 16:24:54","updated_on":"2018-04-05 16:24:54","punycode":"itimor.ph","ext_status":"dnserror","src_flag":"DNSPOD","name":"itimor.ph","grade_title":"\u65b0\u514d\u8d39\u5957\u9910","is_vip":"no","owner":"kevinloo@126.com","records":"1"},{"id":65391895,"status":"enable","grade":"DP_Free","group_id":"1","searchengine_push":"no","is_mark":"no","ttl":"600","cname_speedup":"disable","remark":"","created_on":"2018-04-05 14:05:40","updated_on":"2018-04-05 14:05:40","punycode":"itimor.com","ext_status":"dnserror","src_flag":"DNSPOD","name":"itimor.com","grade_title":"\u65b0\u514d\u8d39\u5957\u9910","is_vip":"no","owner":"kevinloo@126.com","records":"4"}]}
2018-04-05 16:57:54,817 [DEBUG] Starting new HTTPS connection (1): dnsapi.cn
2018-04-05 16:57:55,425 [DEBUG] https://dnsapi.cn:443 "POST /Domain.List HTTP/1.1" 200 None
2018-04-05 16:57:55,427 [INFO] {"status":{"code":"1","message":"\u64cd\u4f5c\u5df2\u7ecf\u6210\u529f\u5b8c\u6210","created_at":"2018-04-05 16:55:49"},"info":{"domain_total":2,"all_total":2,"mine_total":2,"share_total":"0","vip_total":0,"ismark_total":0,"pause_total":0,"error_total":2,"lock_total":0,"spam_total":0,"vip_expire":0,"share_out_total":0},"domains":[{"id":65395694,"status":"enable","grade":"DP_Free","group_id":"1","searchengine_push":"no","is_mark":"no","ttl":"600","cname_speedup":"disable","remark":"","created_on":"2018-04-05 16:24:54","updated_on":"2018-04-05 16:24:54","punycode":"itimor.ph","ext_status":"dnserror","src_flag":"DNSPOD","name":"itimor.ph","grade_title":"\u65b0\u514d\u8d39\u5957\u9910","is_vip":"no","owner":"kevinloo@126.com","records":"1"},{"id":65391895,"status":"enable","grade":"DP_Free","group_id":"1","searchengine_push":"no","is_mark":"no","ttl":"600","cname_speedup":"disable","remark":"","created_on":"2018-04-05 14:05:40","updated_on":"2018-04-05 14:05:40","punycode":"itimor.com","ext_status":"dnserror","src_flag":"DNSPOD","name":"itimor.com","grade_title":"\u65b0\u514d\u8d39\u5957\u9910","is_vip":"no","owner":"kevinloo@126.com","records":"4"}]}
2018-04-05 16:58:06,434 [DEBUG] Starting new HTTPS connection (1): dnsapi.cn
2018-04-05 16:58:07,093 [DEBUG] https://dnsapi.cn:443 "POST /Domain.List HTTP/1.1" 200 None
2018-04-05 16:58:07,094 [INFO] {"status":{"code":"1","message":"\u64cd\u4f5c\u5df2\u7ecf\u6210\u529f\u5b8c\u6210","created_at":"2018-04-05 16:56:01"},"info":{"domain_total":2,"all_total":2,"mine_total":2,"share_total":"0","vip_total":0,"ismark_total":0,"pause_total":0,"error_total":2,"lock_total":0,"spam_total":0,"vip_expire":0,"share_out_total":0},"domains":[{"id":65395694,"status":"enable","grade":"DP_Free","group_id":"1","searchengine_push":"no","is_mark":"no","ttl":"600","cname_speedup":"disable","remark":"","created_on":"2018-04-05 16:24:54","updated_on":"2018-04-05 16:24:54","punycode":"itimor.ph","ext_status":"dnserror","src_flag":"DNSPOD","name":"itimor.ph","grade_title":"\u65b0\u514d\u8d39\u5957\u9910","is_vip":"no","owner":"kevinloo@126.com","records":"1"},{"id":65391895,"status":"enable","grade":"DP_Free","group_id":"1","searchengine_push":"no","is_mark":"no","ttl":"600","cname_speedup":"disable","remark":"","created_on":"2018-04-05 14:05:40","updated_on":"2018-04-05 14:05:40","punycode":"itimor.com","ext_status":"dnserror","src_flag":"DNSPOD","name":"itimor.com","grade_title":"\u65b0\u514d\u8d39\u5957\u9910","is_vip":"no","owner":"kevinloo@126.com","records":"4"}]}
2018-04-05 16:59:30,725 [DEBUG] Starting new HTTPS connection (1): dnsapi.cn
2018-04-05 16:59:31,472 [DEBUG] https://dnsapi.cn:443 "POST /Record.List HTTP/1.1" 200 None
2018-04-05 16:59:31,474 [INFO] {"status":{"code":"1","message":"\u64cd\u4f5c\u5df2\u7ecf\u6210\u529f\u5b8c\u6210","created_at":"2018-04-05 16:57:25"},"domain":{"id":65391895,"name":"itimor.com","punycode":"itimor.com","grade":"DP_Free","owner":"kevinloo@126.com","ext_status":"dnserror","ttl":600,"min_ttl":600,"dnspod_ns":["f1g1ns1.dnspod.net","f1g1ns2.dnspod.net"],"status":"enable"},"info":{"sub_domains":"4","record_total":"4"},"records":[{"id":"353750207","ttl":"600","value":"HDRedirect-LB3-890977680.us-east-1.elb.amazonaws.com.","enabled":"1","status":"enabled","updated_on":"2018-04-05 14:06:05","name":"*","line":"\u9ed8\u8ba4","line_id":"0","type":"CNAME","weight":null,"monitor_status":"","remark":"","use_aqb":"no","mx":"0"},{"id":"353750163","ttl":"86400","value":"f1g1ns1.dnspod.net.","enabled":"1","status":"enabled","updated_on":"2018-04-05 14:05:40","name":"@","line":"\u9ed8\u8ba4","line_id":"0","type":"NS","weight":null,"monitor_status":"","remark":"","use_aqb":"no","mx":"0","hold":"hold"},{"id":"353750164","ttl":"86400","value":"f1g1ns2.dnspod.net.","enabled":"1","status":"enabled","updated_on":"2018-04-05 14:05:40","name":"@","line":"\u9ed8\u8ba4","line_id":"0","type":"NS","weight":null,"monitor_status":"","remark":"","use_aqb":"no","mx":"0","hold":"hold"},{"id":"353763350","ttl":"600","value":"1.1.1.1","enabled":"1","status":"enabled","updated_on":"2018-04-05 15:20:24","name":"www","line":"\u9ed8\u8ba4","line_id":"0","type":"A","weight":null,"monitor_status":"","remark":"","use_aqb":"no","mx":"0"}]}
2018-04-05 17:04:26,551 [DEBUG] Starting new HTTPS connection (1): dnsapi.cn
2018-04-05 17:04:27,329 [DEBUG] https://dnsapi.cn:443 "POST /Domain.Info HTTP/1.1" 200 None
2018-04-05 17:04:27,331 [INFO] {"status":{"code":"1","message":"\u64cd\u4f5c\u5df2\u7ecf\u6210\u529f\u5b8c\u6210","created_at":"2018-04-05 17:02:21"},"domain":{"id":"65391895","name":"itimor.com","punycode":"itimor.com","grade":"DP_Free","grade_title":"\u65b0\u514d\u8d39\u5957\u9910","status":"enable","ext_status":"dnserror","records":"4","group_id":"1","is_mark":"no","remark":"","is_vip":"no","searchengine_push":"no","user_id":"963723","created_on":"2018-04-05 14:05:40","updated_on":"2018-04-05 14:05:40","ttl":"600","cname_speedup":"disable","owner":"kevinloo@126.com"}}
2018-04-05 17:04:27,333 [DEBUG] Starting new HTTPS connection (1): dnsapi.cn
2018-04-05 17:04:30,845 [DEBUG] https://dnsapi.cn:443 "POST /Record.Create HTTP/1.1" 200 None
2018-04-05 17:04:30,847 [INFO] {"status":{"code":"26","message":"\u8bb0\u5f55\u7ebf\u8def\u4e0d\u6b63\u786e","created_at":"2018-04-05 17:02:25"}}
2018-04-05 17:04:30,847 [ERROR] API返回错误,错误码:26,错误说明:记录线路不正确
2018-04-05 17:04:45,176 [DEBUG] Starting new HTTPS connection (1): dnsapi.cn
2018-04-05 17:04:45,808 [DEBUG] https://dnsapi.cn:443 "POST /Domain.Info HTTP/1.1" 200 None
2018-04-05 17:04:45,810 [INFO] {"status":{"code":"1","message":"\u64cd\u4f5c\u5df2\u7ecf\u6210\u529f\u5b8c\u6210","created_at":"2018-04-05 17:02:40"},"domain":{"id":"65391895","name":"itimor.com","punycode":"itimor.com","grade":"DP_Free","grade_title":"\u65b0\u514d\u8d39\u5957\u9910","status":"enable","ext_status":"dnserror","records":"4","group_id":"1","is_mark":"no","remark":"","is_vip":"no","searchengine_push":"no","user_id":"963723","created_on":"2018-04-05 14:05:40","updated_on":"2018-04-05 14:05:40","ttl":"600","cname_speedup":"disable","owner":"kevinloo@126.com"}}
2018-04-05 17:04:45,812 [DEBUG] Starting new HTTPS connection (1): dnsapi.cn
2018-04-05 17:04:46,587 [DEBUG] https://dnsapi.cn:443 "POST /Record.Create HTTP/1.1" 200 None
2018-04-05 17:04:46,590 [INFO] {"status":{"code":"26","message":"\u8bb0\u5f55\u7ebf\u8def\u4e0d\u6b63\u786e","created_at":"2018-04-05 17:02:41"}}
2018-04-05 17:04:46,591 [ERROR] API返回错误,错误码:26,错误说明:记录线路不正确
2018-04-05 17:07:48,188 [DEBUG] Starting new HTTPS connection (1): dnsapi.cn
2018-04-05 17:07:48,899 [DEBUG] https://dnsapi.cn:443 "POST /Domain.Info HTTP/1.1" 200 None
2018-04-05 17:07:48,901 [INFO] {"status":{"code":"1","message":"\u64cd\u4f5c\u5df2\u7ecf\u6210\u529f\u5b8c\u6210","created_at":"2018-04-05 17:05:43"},"domain":{"id":"65391895","name":"itimor.com","punycode":"itimor.com","grade":"DP_Free","grade_title":"\u65b0\u514d\u8d39\u5957\u9910","status":"enable","ext_status":"dnserror","records":"4","group_id":"1","is_mark":"no","remark":"","is_vip":"no","searchengine_push":"no","user_id":"963723","created_on":"2018-04-05 14:05:40","updated_on":"2018-04-05 14:05:40","ttl":"600","cname_speedup":"disable","owner":"kevinloo@126.com"}}
2018-04-05 17:07:48,903 [DEBUG] Starting new HTTPS connection (1): dnsapi.cn
2018-04-05 17:07:49,354 [DEBUG] https://dnsapi.cn:443 "POST /Record.Create HTTP/1.1" 200 None
2018-04-05 17:07:49,356 [INFO] {"status":{"code":"26","message":"\u8bb0\u5f55\u7ebf\u8def\u4e0d\u6b63\u786e","created_at":"2018-04-05 17:05:43"}}
2018-04-05 17:07:49,356 [ERROR] API返回错误,错误码:26,错误说明:记录线路不正确
2018-04-05 17:09:27,150 [DEBUG] Starting new HTTPS connection (1): dnsapi.cn
2018-04-05 17:09:27,767 [DEBUG] https://dnsapi.cn:443 "POST /Domain.Info HTTP/1.1" 200 None
2018-04-05 17:09:27,769 [INFO] {"status":{"code":"1","message":"\u64cd\u4f5c\u5df2\u7ecf\u6210\u529f\u5b8c\u6210","created_at":"2018-04-05 17:07:22"},"domain":{"id":"65391895","name":"itimor.com","punycode":"itimor.com","grade":"DP_Free","grade_title":"\u65b0\u514d\u8d39\u5957\u9910","status":"enable","ext_status":"dnserror","records":"4","group_id":"1","is_mark":"no","remark":"","is_vip":"no","searchengine_push":"no","user_id":"963723","created_on":"2018-04-05 14:05:40","updated_on":"2018-04-05 14:05:40","ttl":"600","cname_speedup":"disable","owner":"kevinloo@126.com"}}
2018-04-05 17:09:27,770 [DEBUG] Starting new HTTPS connection (1): dnsapi.cn
2018-04-05 17:09:28,393 [DEBUG] https://dnsapi.cn:443 "POST /Record.Create HTTP/1.1" 200 None
2018-04-05 17:09:28,395 [INFO] {"status":{"code":"1","message":"\u64cd\u4f5c\u5df2\u7ecf\u6210\u529f\u5b8c\u6210","created_at":"2018-04-05 17:07:22"},"record":{"id":"353785473","name":"blog","status":"enabled","weight":null}}
2018-04-05 17:19:03,318 [DEBUG] Starting new HTTPS connection (1): dnsapi.cn
2018-04-05 17:19:04,348 [DEBUG] https://dnsapi.cn:443 "POST /Domain.Info HTTP/1.1" 200 None
2018-04-05 17:19:04,350 [INFO] {"status":{"code":"1","message":"\u64cd\u4f5c\u5df2\u7ecf\u6210\u529f\u5b8c\u6210","created_at":"2018-04-05 17:16:58"},"domain":{"id":"65391895","name":"itimor.com","punycode":"itimor.com","grade":"DP_Free","grade_title":"\u65b0\u514d\u8d39\u5957\u9910","status":"enable","ext_status":"dnserror","records":"5","group_id":"1","is_mark":"no","remark":"","is_vip":"no","searchengine_push":"no","user_id":"963723","created_on":"2018-04-05 14:05:40","updated_on":"2018-04-05 14:05:40","ttl":"600","cname_speedup":"disable","owner":"kevinloo@126.com"}}
2018-04-05 17:19:04,352 [DEBUG] Starting new HTTPS connection (1): dnsapi.cn
2018-04-05 17:19:04,835 [DEBUG] https://dnsapi.cn:443 "POST /Record.List HTTP/1.1" 200 None
2018-04-05 17:19:04,837 [INFO] {"status":{"code":"1","message":"\u64cd\u4f5c\u5df2\u7ecf\u6210\u529f\u5b8c\u6210","created_at":"2018-04-05 17:16:59"},"domain":{"id":65391895,"name":"itimor.com","punycode":"itimor.com","grade":"DP_Free","owner":"kevinloo@126.com","ext_status":"dnserror","ttl":600,"min_ttl":600,"dnspod_ns":["f1g1ns1.dnspod.net","f1g1ns2.dnspod.net"],"status":"enable"},"info":{"sub_domains":"5","record_total":"5"},"records":[{"id":"353750207","ttl":"600","value":"HDRedirect-LB3-890977680.us-east-1.elb.amazonaws.com.","enabled":"1","status":"enabled","updated_on":"2018-04-05 14:06:05","name":"*","line":"\u9ed8\u8ba4","line_id":"0","type":"CNAME","weight":null,"monitor_status":"","remark":"","use_aqb":"no","mx":"0"},{"id":"353750163","ttl":"86400","value":"f1g1ns1.dnspod.net.","enabled":"1","status":"enabled","updated_on":"2018-04-05 14:05:40","name":"@","line":"\u9ed8\u8ba4","line_id":"0","type":"NS","weight":null,"monitor_status":"","remark":"","use_aqb":"no","mx":"0","hold":"hold"},{"id":"353750164","ttl":"86400","value":"f1g1ns2.dnspod.net.","enabled":"1","status":"enabled","updated_on":"2018-04-05 14:05:40","name":"@","line":"\u9ed8\u8ba4","line_id":"0","type":"NS","weight":null,"monitor_status":"","remark":"","use_aqb":"no","mx":"0","hold":"hold"},{"id":"353785473","ttl":"600","value":"1.1.1.12","enabled":"1","status":"enabled","updated_on":"2018-04-05 17:07:22","name":"blog","line":"\u9ed8\u8ba4","line_id":"0","type":"A","weight":null,"monitor_status":"","remark":"","use_aqb":"no","mx":"0"},{"id":"353763350","ttl":"600","value":"1.1.1.1","enabled":"1","status":"enabled","updated_on":"2018-04-05 15:20:24","name":"www","line":"\u9ed8\u8ba4","line_id":"0","type":"A","weight":null,"monitor_status":"","remark":"","use_aqb":"no","mx":"0"}]}
2018-04-05 17:20:46,015 [DEBUG] Starting new HTTPS connection (1): dnsapi.cn
2018-04-05 17:20:46,629 [DEBUG] https://dnsapi.cn:443 "POST /Domain.Info HTTP/1.1" 200 None
2018-04-05 17:20:46,631 [INFO] {"status":{"code":"1","message":"\u64cd\u4f5c\u5df2\u7ecf\u6210\u529f\u5b8c\u6210","created_at":"2018-04-05 17:18:41"},"domain":{"id":"65391895","name":"itimor.com","punycode":"itimor.com","grade":"DP_Free","grade_title":"\u65b0\u514d\u8d39\u5957\u9910","status":"enable","ext_status":"dnserror","records":"5","group_id":"1","is_mark":"no","remark":"","is_vip":"no","searchengine_push":"no","user_id":"963723","created_on":"2018-04-05 14:05:40","updated_on":"2018-04-05 14:05:40","ttl":"600","cname_speedup":"disable","owner":"kevinloo@126.com"}}
2018-04-05 17:20:46,633 [DEBUG] Starting new HTTPS connection (1): dnsapi.cn
2018-04-05 17:20:47,235 [DEBUG] https://dnsapi.cn:443 "POST /Record.Modify HTTP/1.1" 200 None
2018-04-05 17:20:47,237 [INFO] {"status":{"code":"1","message":"\u64cd\u4f5c\u5df2\u7ecf\u6210\u529f\u5b8c\u6210","created_at":"2018-04-05 17:18:41"},"record":{"id":353763350,"name":"email","value":"2.2.2.2","status":"enable","weight":null}}
